[2026-04-23 17:38:23] local.ERROR: Database file at path [C:\Users\Administrator\Web2\Atividade2\database\database.sqlite] does not exist. Ensure this is an absolute path to the database. (Connection: sqlite, Database: C:\Users\Administrator\Web2\Atividade2\database\database.sqlite, SQL: select exists (select 1 from "main".sqlite_master where name = 'migrations' and type = 'table') as "exists") {"exception":"[object] (Illuminate\\Database\\QueryException(code: 0): Database file at path [C:\\Users\\Administrator\\Web2\\Atividade2\\database\\database.sqlite] does not exist. Ensure this is an absolute path to the database. (Connection: sqlite, Database: C:\\Users\\Administrator\\Web2\\Atividade2\\database\\database.sqlite, SQL: select exists (select 1 from \"main\".sqlite_master where name = 'migrations' and type = 'table') as \"exists\") at C:/Users/Administrator/Web2/Atividade2/vendor/laravel/framework/src/Illuminate/Database/Connection.php:841)
[stacktrace]
#0 C:/Users/Administrator/Web2/Atividade2/vendor/laravel/framework/src/Illuminate/Database/Connection.php(797): Illuminate/Database/Connection->runQueryCallback()
#1 C:/Users/Administrator/Web2/Atividade2/vendor/laravel/framework/src/Illuminate/Database/Connection.php(412): Illuminate/Database/Connection->run()
#2 C:/Users/Administrator/Web2/Atividade2/vendor/laravel/framework/src/Illuminate/Database/Connection.php(357): Illuminate/Database/Connection->select()
#3 C:/Users/Administrator/Web2/Atividade2/vendor/laravel/framework/src/Illuminate/Database/Connection.php(374): Illuminate/Database/Connection->selectOne()
#4 C:/Users/Administrator/Web2/Atividade2/vendor/laravel/framework/src/Illuminate/Database/Schema/Builder.php(176): Illuminate/Database/Connection->scalar()
#5 C:/Users/Administrator/Web2/Atividade2/vendor/laravel/framework/src/Illuminate/Database/Migrations/DatabaseMigrationRepository.php(185): Illuminate/Database/Schema/Builder->hasTable()
#6 C:/Users/Administrator/Web2/Atividade2/vendor/laravel/framework/src/Illuminate/Database/Migrations/Migrator.php(758): Illuminate/Database/Migrations/DatabaseMigrationRepository->repositoryExists()
#7 C:/Users/Administrator/Web2/Atividade2/vendor/laravel/framework/src/Illuminate/Database/Console/Migrations/ResetCommand.php(66): Illuminate/Database/Migrations/Migrator->repositoryExists()
#8 C:/Users/Administrator/Web2/Atividade2/vendor/laravel/framework/src/Illuminate/Database/Migrations/Migrator.php(671): Illuminate/Database/Console/Migrations/ResetCommand->{closure:Illuminate/Database/Console/Migrations/ResetCommand::handle():62}()
#9 C:/Users/Administrator/Web2/Atividade2/vendor/laravel/framework/src/Illuminate/Database/Console/Migrations/ResetCommand.php(62): Illuminate/Database/Migrations/Migrator->usingConnection()
#10 C:/Users/Administrator/Web2/Atividade2/vendor/laravel/framework/src/Illuminate/Container/BoundMethod.php(36): Illuminate/Database/Console/Migrations/ResetCommand->handle()
#11 C:/Users/Administrator/Web2/Atividade2/vendor/laravel/framework/src/Illuminate/Container/Util.php(43): Illuminate/Container/BoundMethod::{closure:Illuminate/Container/BoundMethod::call():35}()
#12 C:/Users/Administrator/Web2/Atividade2/vendor/laravel/framework/src/Illuminate/Container/BoundMethod.php(96): Illuminate/Container/Util::unwrapIfClosure()
#13 C:/Users/Administrator/Web2/Atividade2/vendor/laravel/framework/src/Illuminate/Container/BoundMethod.php(35): Illuminate/Container/BoundMethod::callBoundMethod()
#14 C:/Users/Administrator/Web2/Atividade2/vendor/laravel/framework/src/Illuminate/Container/Container.php(799): Illuminate/Container/BoundMethod::call()
#15 C:/Users/Administrator/Web2/Atividade2/vendor/laravel/framework/src/Illuminate/Console/Command.php(273): Illuminate/Container/Container->call()
#16 C:/Users/Administrator/Web2/Atividade2/vendor/symfony/console/Command/Command.php(291): Illuminate/Console/Command->execute()
#17 C:/Users/Administrator/Web2/Atividade2/vendor/laravel/framework/src/Illuminate/Console/Command.php(242): Symfony/Component/Console/Command/Command->run()
#18 C:/Users/Administrator/Web2/Atividade2/vendor/laravel/framework/src/Illuminate/Console/Concerns/CallsCommands.php(68): Illuminate/Console/Command->run()
#19 C:/Users/Administrator/Web2/Atividade2/vendor/laravel/framework/src/Illuminate/Console/Concerns/CallsCommands.php(29): Illuminate/Console/Command->runCommand()
#20 C:/Users/Administrator/Web2/Atividade2/vendor/laravel/framework/src/Illuminate/Database/Console/Migrations/RefreshCommand.php(113): Illuminate/Console/Command->call()
#21 C:/Users/Administrator/Web2/Atividade2/vendor/laravel/framework/src/Illuminate/Database/Console/Migrations/RefreshCommand.php(59): Illuminate/Database/Console/Migrations/RefreshCommand->runReset()
#22 C:/Users/Administrator/Web2/Atividade2/vendor/laravel/framework/src/Illuminate/Container/BoundMethod.php(36): Illuminate/Database/Console/Migrations/RefreshCommand->handle()
#23 C:/Users/Administrator/Web2/Atividade2/vendor/laravel/framework/src/Illuminate/Container/Util.php(43): Illuminate/Container/BoundMethod::{closure:Illuminate/Container/BoundMethod::call():35}()
#24 C:/Users/Administrator/Web2/Atividade2/vendor/laravel/framework/src/Illuminate/Container/BoundMethod.php(96): Illuminate/Container/Util::unwrapIfClosure()
#25 C:/Users/Administrator/Web2/Atividade2/vendor/laravel/framework/src/Illuminate/Container/BoundMethod.php(35): Illuminate/Container/BoundMethod::callBoundMethod()
#26 C:/Users/Administrator/Web2/Atividade2/vendor/laravel/framework/src/Illuminate/Container/Container.php(799): Illuminate/Container/BoundMethod::call()
#27 C:/Users/Administrator/Web2/Atividade2/vendor/laravel/framework/src/Illuminate/Console/Command.php(273): Illuminate/Container/Container->call()
#28 C:/Users/Administrator/Web2/Atividade2/vendor/symfony/console/Command/Command.php(291): Illuminate/Console/Command->execute()
#29 C:/Users/Administrator/Web2/Atividade2/vendor/laravel/framework/src/Illuminate/Console/Command.php(242): Symfony/Component/Console/Command/Command->run()
#30 C:/Users/Administrator/Web2/Atividade2/vendor/symfony/console/Application.php(1107): Illuminate/Console/Command->run()
#31 C:/Users/Administrator/Web2/Atividade2/vendor/symfony/console/Application.php(356): Symfony/Component/Console/Application->doRunCommand()
#32 C:/Users/Administrator/Web2/Atividade2/vendor/symfony/console/Application.php(195): Symfony/Component/Console/Application->doRun()
#33 C:/Users/Administrator/Web2/Atividade2/vendor/laravel/framework/src/Illuminate/Foundation/Console/Kernel.php(198): Symfony/Component/Console/Application->run()
#34 C:/Users/Administrator/Web2/Atividade2/vendor/laravel/framework/src/Illuminate/Foundation/Application.php(1235): Illuminate/Foundation/Console/Kernel->handle()
#35 C:/Users/Administrator/Web2/Atividade2/artisan(16): Illuminate/Foundation/Application->handleCommand()
#36 {main}

[previous exception] [object] (Illuminate\\Database\\SQLiteDatabaseDoesNotExistException(code: 0): Database file at path [C:\\Users\\Administrator\\Web2\\Atividade2\\database\\database.sqlite] does not exist. Ensure this is an absolute path to the database. at C:/Users/Administrator/Web2/Atividade2/vendor/laravel/framework/src/Illuminate/Database/Connectors/SQLiteConnector.php:60)
[stacktrace]
#0 C:/Users/Administrator/Web2/Atividade2/vendor/laravel/framework/src/Illuminate/Database/Connectors/SQLiteConnector.php(19): Illuminate/Database/Connectors/SQLiteConnector->parseDatabasePath()
#1 C:/Users/Administrator/Web2/Atividade2/vendor/laravel/framework/src/Illuminate/Database/Connectors/ConnectionFactory.php(225): Illuminate/Database/Connectors/SQLiteConnector->connect()
#2 [internal function]: Illuminate/Database/Connectors/ConnectionFactory->{closure:Illuminate/Database/Connectors/ConnectionFactory::createPdoResolverWithoutHosts():225}()
#3 C:/Users/Administrator/Web2/Atividade2/vendor/laravel/framework/src/Illuminate/Database/Connection.php(1260): call_user_func()
#4 C:/Users/Administrator/Web2/Atividade2/vendor/laravel/framework/src/Illuminate/Database/Connection.php(1298): Illuminate/Database/Connection->getPdo()
#5 C:/Users/Administrator/Web2/Atividade2/vendor/laravel/framework/src/Illuminate/Database/Connection.php(528): Illuminate/Database/Connection->getReadPdo()
#6 C:/Users/Administrator/Web2/Atividade2/vendor/laravel/framework/src/Illuminate/Database/Connection.php(421): Illuminate/Database/Connection->getPdoForSelect()
#7 C:/Users/Administrator/Web2/Atividade2/vendor/laravel/framework/src/Illuminate/Database/Connection.php(830): Illuminate/Database/Connection->{closure:Illuminate/Database/Connection::select():412}()
#8 C:/Users/Administrator/Web2/Atividade2/vendor/laravel/framework/src/Illuminate/Database/Connection.php(797): Illuminate/Database/Connection->runQueryCallback()
#9 C:/Users/Administrator/Web2/Atividade2/vendor/laravel/framework/src/Illuminate/Database/Connection.php(412): Illuminate/Database/Connection->run()
#10 C:/Users/Administrator/Web2/Atividade2/vendor/laravel/framework/src/Illuminate/Database/Connection.php(357): Illuminate/Database/Connection->select()
#11 C:/Users/Administrator/Web2/Atividade2/vendor/laravel/framework/src/Illuminate/Database/Connection.php(374): Illuminate/Database/Connection->selectOne()
#12 C:/Users/Administrator/Web2/Atividade2/vendor/laravel/framework/src/Illuminate/Database/Schema/Builder.php(176): Illuminate/Database/Connection->scalar()
#13 C:/Users/Administrator/Web2/Atividade2/vendor/laravel/framework/src/Illuminate/Database/Migrations/DatabaseMigrationRepository.php(185): Illuminate/Database/Schema/Builder->hasTable()
#14 C:/Users/Administrator/Web2/Atividade2/vendor/laravel/framework/src/Illuminate/Database/Migrations/Migrator.php(758): Illuminate/Database/Migrations/DatabaseMigrationRepository->repositoryExists()
#15 C:/Users/Administrator/Web2/Atividade2/vendor/laravel/framework/src/Illuminate/Database/Console/Migrations/ResetCommand.php(66): Illuminate/Database/Migrations/Migrator->repositoryExists()
#16 C:/Users/Administrator/Web2/Atividade2/vendor/laravel/framework/src/Illuminate/Database/Migrations/Migrator.php(671): Illuminate/Database/Console/Migrations/ResetCommand->{closure:Illuminate/Database/Console/Migrations/ResetCommand::handle():62}()
#17 C:/Users/Administrator/Web2/Atividade2/vendor/laravel/framework/src/Illuminate/Database/Console/Migrations/ResetCommand.php(62): Illuminate/Database/Migrations/Migrator->usingConnection()
#18 C:/Users/Administrator/Web2/Atividade2/vendor/laravel/framework/src/Illuminate/Container/BoundMethod.php(36): Illuminate/Database/Console/Migrations/ResetCommand->handle()
#19 C:/Users/Administrator/Web2/Atividade2/vendor/laravel/framework/src/Illuminate/Container/Util.php(43): Illuminate/Container/BoundMethod::{closure:Illuminate/Container/BoundMethod::call():35}()
#20 C:/Users/Administrator/Web2/Atividade2/vendor/laravel/framework/src/Illuminate/Container/BoundMethod.php(96): Illuminate/Container/Util::unwrapIfClosure()
#21 C:/Users/Administrator/Web2/Atividade2/vendor/laravel/framework/src/Illuminate/Container/BoundMethod.php(35): Illuminate/Container/BoundMethod::callBoundMethod()
#22 C:/Users/Administrator/Web2/Atividade2/vendor/laravel/framework/src/Illuminate/Container/Container.php(799): Illuminate/Container/BoundMethod::call()
#23 C:/Users/Administrator/Web2/Atividade2/vendor/laravel/framework/src/Illuminate/Console/Command.php(273): Illuminate/Container/Container->call()
#24 C:/Users/Administrator/Web2/Atividade2/vendor/symfony/console/Command/Command.php(291): Illuminate/Console/Command->execute()
#25 C:/Users/Administrator/Web2/Atividade2/vendor/laravel/framework/src/Illuminate/Console/Command.php(242): Symfony/Component/Console/Command/Command->run()
#26 C:/Users/Administrator/Web2/Atividade2/vendor/laravel/framework/src/Illuminate/Console/Concerns/CallsCommands.php(68): Illuminate/Console/Command->run()
#27 C:/Users/Administrator/Web2/Atividade2/vendor/laravel/framework/src/Illuminate/Console/Concerns/CallsCommands.php(29): Illuminate/Console/Command->runCommand()
#28 C:/Users/Administrator/Web2/Atividade2/vendor/laravel/framework/src/Illuminate/Database/Console/Migrations/RefreshCommand.php(113): Illuminate/Console/Command->call()
#29 C:/Users/Administrator/Web2/Atividade2/vendor/laravel/framework/src/Illuminate/Database/Console/Migrations/RefreshCommand.php(59): Illuminate/Database/Console/Migrations/RefreshCommand->runReset()
#30 C:/Users/Administrator/Web2/Atividade2/vendor/laravel/framework/src/Illuminate/Container/BoundMethod.php(36): Illuminate/Database/Console/Migrations/RefreshCommand->handle()
#31 C:/Users/Administrator/Web2/Atividade2/vendor/laravel/framework/src/Illuminate/Container/Util.php(43): Illuminate/Container/BoundMethod::{closure:Illuminate/Container/BoundMethod::call():35}()
#32 C:/Users/Administrator/Web2/Atividade2/vendor/laravel/framework/src/Illuminate/Container/BoundMethod.php(96): Illuminate/Container/Util::unwrapIfClosure()
#33 C:/Users/Administrator/Web2/Atividade2/vendor/laravel/framework/src/Illuminate/Container/BoundMethod.php(35): Illuminate/Container/BoundMethod::callBoundMethod()
#34 C:/Users/Administrator/Web2/Atividade2/vendor/laravel/framework/src/Illuminate/Container/Container.php(799): Illuminate/Container/BoundMethod::call()
#35 C:/Users/Administrator/Web2/Atividade2/vendor/laravel/framework/src/Illuminate/Console/Command.php(273): Illuminate/Container/Container->call()
#36 C:/Users/Administrator/Web2/Atividade2/vendor/symfony/console/Command/Command.php(291): Illuminate/Console/Command->execute()
#37 C:/Users/Administrator/Web2/Atividade2/vendor/laravel/framework/src/Illuminate/Console/Command.php(242): Symfony/Component/Console/Command/Command->run()
#38 C:/Users/Administrator/Web2/Atividade2/vendor/symfony/console/Application.php(1107): Illuminate/Console/Command->run()
#39 C:/Users/Administrator/Web2/Atividade2/vendor/symfony/console/Application.php(356): Symfony/Component/Console/Application->doRunCommand()
#40 C:/Users/Administrator/Web2/Atividade2/vendor/symfony/console/Application.php(195): Symfony/Component/Console/Application->doRun()
#41 C:/Users/Administrator/Web2/Atividade2/vendor/laravel/framework/src/Illuminate/Foundation/Console/Kernel.php(198): Symfony/Component/Console/Application->run()
#42 C:/Users/Administrator/Web2/Atividade2/vendor/laravel/framework/src/Illuminate/Foundation/Application.php(1235): Illuminate/Foundation/Console/Kernel->handle()
#43 C:/Users/Administrator/Web2/Atividade2/artisan(16): Illuminate/Foundation/Application->handleCommand()
#44 {main}
"} 
[2026-04-23 17:39:22] local.ERROR: could not find driver (Connection: sqlite, Database: C:\Users\Administrator\Web2\Atividade2\database\database.sqlite, SQL: select exists (select 1 from "main".sqlite_master where name = 'migrations' and type = 'table') as "exists") {"exception":"[object] (Illuminate\\Database\\QueryException(code: 0): could not find driver (Connection: sqlite, Database: C:\\Users\\Administrator\\Web2\\Atividade2\\database\\database.sqlite, SQL: select exists (select 1 from \"main\".sqlite_master where name = 'migrations' and type = 'table') as \"exists\") at C:/Users/Administrator/Web2/Atividade2/vendor/laravel/framework/src/Illuminate/Database/Connection.php:841)
[stacktrace]
#0 C:/Users/Administrator/Web2/Atividade2/vendor/laravel/framework/src/Illuminate/Database/Connection.php(797): Illuminate/Database/Connection->runQueryCallback()
#1 C:/Users/Administrator/Web2/Atividade2/vendor/laravel/framework/src/Illuminate/Database/Connection.php(412): Illuminate/Database/Connection->run()
#2 C:/Users/Administrator/Web2/Atividade2/vendor/laravel/framework/src/Illuminate/Database/Connection.php(357): Illuminate/Database/Connection->select()
#3 C:/Users/Administrator/Web2/Atividade2/vendor/laravel/framework/src/Illuminate/Database/Connection.php(374): Illuminate/Database/Connection->selectOne()
#4 C:/Users/Administrator/Web2/Atividade2/vendor/laravel/framework/src/Illuminate/Database/Schema/Builder.php(176): Illuminate/Database/Connection->scalar()
#5 C:/Users/Administrator/Web2/Atividade2/vendor/laravel/framework/src/Illuminate/Database/Migrations/DatabaseMigrationRepository.php(185): Illuminate/Database/Schema/Builder->hasTable()
#6 C:/Users/Administrator/Web2/Atividade2/vendor/laravel/framework/src/Illuminate/Database/Migrations/Migrator.php(758): Illuminate/Database/Migrations/DatabaseMigrationRepository->repositoryExists()
#7 C:/Users/Administrator/Web2/Atividade2/vendor/laravel/framework/src/Illuminate/Database/Console/Migrations/MigrateCommand.php(166): Illuminate/Database/Migrations/Migrator->repositoryExists()
#8 C:/Users/Administrator/Web2/Atividade2/vendor/laravel/framework/src/Illuminate/Support/helpers.php(328): Illuminate/Database/Console/Migrations/MigrateCommand->{closure:Illuminate/Database/Console/Migrations/MigrateCommand::repositoryExists():166}()
#9 C:/Users/Administrator/Web2/Atividade2/vendor/laravel/framework/src/Illuminate/Database/Console/Migrations/MigrateCommand.php(166): retry()
#10 C:/Users/Administrator/Web2/Atividade2/vendor/laravel/framework/src/Illuminate/Database/Console/Migrations/MigrateCommand.php(142): Illuminate/Database/Console/Migrations/MigrateCommand->repositoryExists()
#11 C:/Users/Administrator/Web2/Atividade2/vendor/laravel/framework/src/Illuminate/Database/Console/Migrations/MigrateCommand.php(112): Illuminate/Database/Console/Migrations/MigrateCommand->prepareDatabase()
#12 C:/Users/Administrator/Web2/Atividade2/vendor/laravel/framework/src/Illuminate/Database/Migrations/Migrator.php(671): Illuminate/Database/Console/Migrations/MigrateCommand->{closure:Illuminate/Database/Console/Migrations/MigrateCommand::runMigrations():111}()
#13 C:/Users/Administrator/Web2/Atividade2/vendor/laravel/framework/src/Illuminate/Database/Console/Migrations/MigrateCommand.php(111): Illuminate/Database/Migrations/Migrator->usingConnection()
#14 C:/Users/Administrator/Web2/Atividade2/vendor/laravel/framework/src/Illuminate/Database/Console/Migrations/MigrateCommand.php(90): Illuminate/Database/Console/Migrations/MigrateCommand->runMigrations()
#15 C:/Users/Administrator/Web2/Atividade2/vendor/laravel/framework/src/Illuminate/Container/BoundMethod.php(36): Illuminate/Database/Console/Migrations/MigrateCommand->handle()
#16 C:/Users/Administrator/Web2/Atividade2/vendor/laravel/framework/src/Illuminate/Container/Util.php(43): Illuminate/Container/BoundMethod::{closure:Illuminate/Container/BoundMethod::call():35}()
#17 C:/Users/Administrator/Web2/Atividade2/vendor/laravel/framework/src/Illuminate/Container/BoundMethod.php(96): Illuminate/Container/Util::unwrapIfClosure()
#18 C:/Users/Administrator/Web2/Atividade2/vendor/laravel/framework/src/Illuminate/Container/BoundMethod.php(35): Illuminate/Container/BoundMethod::callBoundMethod()
#19 C:/Users/Administrator/Web2/Atividade2/vendor/laravel/framework/src/Illuminate/Container/Container.php(799): Illuminate/Container/BoundMethod::call()
#20 C:/Users/Administrator/Web2/Atividade2/vendor/laravel/framework/src/Illuminate/Console/Command.php(273): Illuminate/Container/Container->call()
#21 C:/Users/Administrator/Web2/Atividade2/vendor/symfony/console/Command/Command.php(291): Illuminate/Console/Command->execute()
#22 C:/Users/Administrator/Web2/Atividade2/vendor/laravel/framework/src/Illuminate/Console/Command.php(242): Symfony/Component/Console/Command/Command->run()
#23 C:/Users/Administrator/Web2/Atividade2/vendor/symfony/console/Application.php(1107): Illuminate/Console/Command->run()
#24 C:/Users/Administrator/Web2/Atividade2/vendor/symfony/console/Application.php(356): Symfony/Component/Console/Application->doRunCommand()
#25 C:/Users/Administrator/Web2/Atividade2/vendor/symfony/console/Application.php(195): Symfony/Component/Console/Application->doRun()
#26 C:/Users/Administrator/Web2/Atividade2/vendor/laravel/framework/src/Illuminate/Foundation/Console/Kernel.php(198): Symfony/Component/Console/Application->run()
#27 C:/Users/Administrator/Web2/Atividade2/vendor/laravel/framework/src/Illuminate/Foundation/Application.php(1235): Illuminate/Foundation/Console/Kernel->handle()
#28 C:/Users/Administrator/Web2/Atividade2/artisan(16): Illuminate/Foundation/Application->handleCommand()
#29 {main}

[previous exception] [object] (PDOException(code: 0): could not find driver at C:/Users/Administrator/Web2/Atividade2/vendor/laravel/framework/src/Illuminate/Database/Connectors/Connector.php:67)
[stacktrace]
#0 C:/Users/Administrator/Web2/Atividade2/vendor/laravel/framework/src/Illuminate/Database/Connectors/Connector.php(67): PDO::connect()
#1 C:/Users/Administrator/Web2/Atividade2/vendor/laravel/framework/src/Illuminate/Database/Connectors/Connector.php(44): Illuminate/Database/Connectors/Connector->createPdoConnection()
#2 C:/Users/Administrator/Web2/Atividade2/vendor/laravel/framework/src/Illuminate/Database/Connectors/SQLiteConnector.php(21): Illuminate/Database/Connectors/Connector->createConnection()
#3 C:/Users/Administrator/Web2/Atividade2/vendor/laravel/framework/src/Illuminate/Database/Connectors/ConnectionFactory.php(225): Illuminate/Database/Connectors/SQLiteConnector->connect()
#4 [internal function]: Illuminate/Database/Connectors/ConnectionFactory->{closure:Illuminate/Database/Connectors/ConnectionFactory::createPdoResolverWithoutHosts():225}()
#5 C:/Users/Administrator/Web2/Atividade2/vendor/laravel/framework/src/Illuminate/Database/Connection.php(1260): call_user_func()
#6 C:/Users/Administrator/Web2/Atividade2/vendor/laravel/framework/src/Illuminate/Database/Connection.php(1298): Illuminate/Database/Connection->getPdo()
#7 C:/Users/Administrator/Web2/Atividade2/vendor/laravel/framework/src/Illuminate/Database/Connection.php(528): Illuminate/Database/Connection->getReadPdo()
#8 C:/Users/Administrator/Web2/Atividade2/vendor/laravel/framework/src/Illuminate/Database/Connection.php(421): Illuminate/Database/Connection->getPdoForSelect()
#9 C:/Users/Administrator/Web2/Atividade2/vendor/laravel/framework/src/Illuminate/Database/Connection.php(830): Illuminate/Database/Connection->{closure:Illuminate/Database/Connection::select():412}()
#10 C:/Users/Administrator/Web2/Atividade2/vendor/laravel/framework/src/Illuminate/Database/Connection.php(797): Illuminate/Database/Connection->runQueryCallback()
#11 C:/Users/Administrator/Web2/Atividade2/vendor/laravel/framework/src/Illuminate/Database/Connection.php(412): Illuminate/Database/Connection->run()
#12 C:/Users/Administrator/Web2/Atividade2/vendor/laravel/framework/src/Illuminate/Database/Connection.php(357): Illuminate/Database/Connection->select()
#13 C:/Users/Administrator/Web2/Atividade2/vendor/laravel/framework/src/Illuminate/Database/Connection.php(374): Illuminate/Database/Connection->selectOne()
#14 C:/Users/Administrator/Web2/Atividade2/vendor/laravel/framework/src/Illuminate/Database/Schema/Builder.php(176): Illuminate/Database/Connection->scalar()
#15 C:/Users/Administrator/Web2/Atividade2/vendor/laravel/framework/src/Illuminate/Database/Migrations/DatabaseMigrationRepository.php(185): Illuminate/Database/Schema/Builder->hasTable()
#16 C:/Users/Administrator/Web2/Atividade2/vendor/laravel/framework/src/Illuminate/Database/Migrations/Migrator.php(758): Illuminate/Database/Migrations/DatabaseMigrationRepository->repositoryExists()
#17 C:/Users/Administrator/Web2/Atividade2/vendor/laravel/framework/src/Illuminate/Database/Console/Migrations/MigrateCommand.php(166): Illuminate/Database/Migrations/Migrator->repositoryExists()
#18 C:/Users/Administrator/Web2/Atividade2/vendor/laravel/framework/src/Illuminate/Support/helpers.php(328): Illuminate/Database/Console/Migrations/MigrateCommand->{closure:Illuminate/Database/Console/Migrations/MigrateCommand::repositoryExists():166}()
#19 C:/Users/Administrator/Web2/Atividade2/vendor/laravel/framework/src/Illuminate/Database/Console/Migrations/MigrateCommand.php(166): retry()
#20 C:/Users/Administrator/Web2/Atividade2/vendor/laravel/framework/src/Illuminate/Database/Console/Migrations/MigrateCommand.php(142): Illuminate/Database/Console/Migrations/MigrateCommand->repositoryExists()
#21 C:/Users/Administrator/Web2/Atividade2/vendor/laravel/framework/src/Illuminate/Database/Console/Migrations/MigrateCommand.php(112): Illuminate/Database/Console/Migrations/MigrateCommand->prepareDatabase()
#22 C:/Users/Administrator/Web2/Atividade2/vendor/laravel/framework/src/Illuminate/Database/Migrations/Migrator.php(671): Illuminate/Database/Console/Migrations/MigrateCommand->{closure:Illuminate/Database/Console/Migrations/MigrateCommand::runMigrations():111}()
#23 C:/Users/Administrator/Web2/Atividade2/vendor/laravel/framework/src/Illuminate/Database/Console/Migrations/MigrateCommand.php(111): Illuminate/Database/Migrations/Migrator->usingConnection()
#24 C:/Users/Administrator/Web2/Atividade2/vendor/laravel/framework/src/Illuminate/Database/Console/Migrations/MigrateCommand.php(90): Illuminate/Database/Console/Migrations/MigrateCommand->runMigrations()
#25 C:/Users/Administrator/Web2/Atividade2/vendor/laravel/framework/src/Illuminate/Container/BoundMethod.php(36): Illuminate/Database/Console/Migrations/MigrateCommand->handle()
#26 C:/Users/Administrator/Web2/Atividade2/vendor/laravel/framework/src/Illuminate/Container/Util.php(43): Illuminate/Container/BoundMethod::{closure:Illuminate/Container/BoundMethod::call():35}()
#27 C:/Users/Administrator/Web2/Atividade2/vendor/laravel/framework/src/Illuminate/Container/BoundMethod.php(96): Illuminate/Container/Util::unwrapIfClosure()
#28 C:/Users/Administrator/Web2/Atividade2/vendor/laravel/framework/src/Illuminate/Container/BoundMethod.php(35): Illuminate/Container/BoundMethod::callBoundMethod()
#29 C:/Users/Administrator/Web2/Atividade2/vendor/laravel/framework/src/Illuminate/Container/Container.php(799): Illuminate/Container/BoundMethod::call()
#30 C:/Users/Administrator/Web2/Atividade2/vendor/laravel/framework/src/Illuminate/Console/Command.php(273): Illuminate/Container/Container->call()
#31 C:/Users/Administrator/Web2/Atividade2/vendor/symfony/console/Command/Command.php(291): Illuminate/Console/Command->execute()
#32 C:/Users/Administrator/Web2/Atividade2/vendor/laravel/framework/src/Illuminate/Console/Command.php(242): Symfony/Component/Console/Command/Command->run()
#33 C:/Users/Administrator/Web2/Atividade2/vendor/symfony/console/Application.php(1107): Illuminate/Console/Command->run()
#34 C:/Users/Administrator/Web2/Atividade2/vendor/symfony/console/Application.php(356): Symfony/Component/Console/Application->doRunCommand()
#35 C:/Users/Administrator/Web2/Atividade2/vendor/symfony/console/Application.php(195): Symfony/Component/Console/Application->doRun()
#36 C:/Users/Administrator/Web2/Atividade2/vendor/laravel/framework/src/Illuminate/Foundation/Console/Kernel.php(198): Symfony/Component/Console/Application->run()
#37 C:/Users/Administrator/Web2/Atividade2/vendor/laravel/framework/src/Illuminate/Foundation/Application.php(1235): Illuminate/Foundation/Console/Kernel->handle()
#38 C:/Users/Administrator/Web2/Atividade2/artisan(16): Illuminate/Foundation/Application->handleCommand()
#39 {main}
"} 
[2026-04-23 17:52:06] local.ERROR: Class "Database\Seeders\Category" not found {"exception":"[object] (Error(code: 0): Class \"Database\\Seeders\\Category\" not found at C:/Users/Administrator/Web2/Atividade2/database/seeders/CategorySeeder.php:26)
[stacktrace]
#0 C:/Users/Administrator/Web2/Atividade2/vendor/laravel/framework/src/Illuminate/Container/BoundMethod.php(36): Database/Seeders/CategorySeeder->run()
#1 C:/Users/Administrator/Web2/Atividade2/vendor/laravel/framework/src/Illuminate/Container/Util.php(43): Illuminate/Container/BoundMethod::{closure:Illuminate/Container/BoundMethod::call():35}()
#2 C:/Users/Administrator/Web2/Atividade2/vendor/laravel/framework/src/Illuminate/Container/BoundMethod.php(96): Illuminate/Container/Util::unwrapIfClosure()
#3 C:/Users/Administrator/Web2/Atividade2/vendor/laravel/framework/src/Illuminate/Container/BoundMethod.php(35): Illuminate/Container/BoundMethod::callBoundMethod()
#4 C:/Users/Administrator/Web2/Atividade2/vendor/laravel/framework/src/Illuminate/Container/Container.php(799): Illuminate/Container/BoundMethod::call()
#5 C:/Users/Administrator/Web2/Atividade2/vendor/laravel/framework/src/Illuminate/Database/Seeder.php(184): Illuminate/Container/Container->call()
#6 C:/Users/Administrator/Web2/Atividade2/vendor/laravel/framework/src/Illuminate/Database/Seeder.php(193): Illuminate/Database/Seeder->{closure:Illuminate/Database/Seeder::__invoke():183}()
#7 C:/Users/Administrator/Web2/Atividade2/vendor/laravel/framework/src/Illuminate/Database/Console/Seeds/SeedCommand.php(71): Illuminate/Database/Seeder->__invoke()
#8 C:/Users/Administrator/Web2/Atividade2/vendor/laravel/framework/src/Illuminate/Database/Eloquent/Concerns/GuardsAttributes.php(183): Illuminate/Database/Console/Seeds/SeedCommand->{closure:Illuminate/Database/Console/Seeds/SeedCommand::handle():70}()
#9 C:/Users/Administrator/Web2/Atividade2/vendor/laravel/framework/src/Illuminate/Database/Console/Seeds/SeedCommand.php(70): Illuminate/Database/Eloquent/Model::unguarded()
#10 C:/Users/Administrator/Web2/Atividade2/vendor/laravel/framework/src/Illuminate/Container/BoundMethod.php(36): Illuminate/Database/Console/Seeds/SeedCommand->handle()
#11 C:/Users/Administrator/Web2/Atividade2/vendor/laravel/framework/src/Illuminate/Container/Util.php(43): Illuminate/Container/BoundMethod::{closure:Illuminate/Container/BoundMethod::call():35}()
#12 C:/Users/Administrator/Web2/Atividade2/vendor/laravel/framework/src/Illuminate/Container/BoundMethod.php(96): Illuminate/Container/Util::unwrapIfClosure()
#13 C:/Users/Administrator/Web2/Atividade2/vendor/laravel/framework/src/Illuminate/Container/BoundMethod.php(35): Illuminate/Container/BoundMethod::callBoundMethod()
#14 C:/Users/Administrator/Web2/Atividade2/vendor/laravel/framework/src/Illuminate/Container/Container.php(799): Illuminate/Container/BoundMethod::call()
#15 C:/Users/Administrator/Web2/Atividade2/vendor/laravel/framework/src/Illuminate/Console/Command.php(273): Illuminate/Container/Container->call()
#16 C:/Users/Administrator/Web2/Atividade2/vendor/symfony/console/Command/Command.php(291): Illuminate/Console/Command->execute()
#17 C:/Users/Administrator/Web2/Atividade2/vendor/laravel/framework/src/Illuminate/Console/Command.php(242): Symfony/Component/Console/Command/Command->run()
#18 C:/Users/Administrator/Web2/Atividade2/vendor/symfony/console/Application.php(1107): Illuminate/Console/Command->run()
#19 C:/Users/Administrator/Web2/Atividade2/vendor/symfony/console/Application.php(356): Symfony/Component/Console/Application->doRunCommand()
#20 C:/Users/Administrator/Web2/Atividade2/vendor/symfony/console/Application.php(195): Symfony/Component/Console/Application->doRun()
#21 C:/Users/Administrator/Web2/Atividade2/vendor/laravel/framework/src/Illuminate/Foundation/Console/Kernel.php(198): Symfony/Component/Console/Application->run()
#22 C:/Users/Administrator/Web2/Atividade2/vendor/laravel/framework/src/Illuminate/Foundation/Application.php(1235): Illuminate/Foundation/Console/Kernel->handle()
#23 C:/Users/Administrator/Web2/Atividade2/artisan(16): Illuminate/Foundation/Application->handleCommand()
#24 {main}
"} 
[2026-04-23 18:11:06] local.ERROR: Class "Database\Seeders\FakerFactory" not found {"exception":"[object] (Error(code: 0): Class \"Database\\Seeders\\FakerFactory\" not found at C:/Users/Administrator/Web2/Atividade2/database/seeders/DatabaseSeeder.php:20)
[stacktrace]
#0 C:/Users/Administrator/Web2/Atividade2/vendor/laravel/framework/src/Illuminate/Container/BoundMethod.php(36): Database/Seeders/DatabaseSeeder->run()
#1 C:/Users/Administrator/Web2/Atividade2/vendor/laravel/framework/src/Illuminate/Container/Util.php(43): Illuminate/Container/BoundMethod::{closure:Illuminate/Container/BoundMethod::call():35}()
#2 C:/Users/Administrator/Web2/Atividade2/vendor/laravel/framework/src/Illuminate/Container/BoundMethod.php(96): Illuminate/Container/Util::unwrapIfClosure()
#3 C:/Users/Administrator/Web2/Atividade2/vendor/laravel/framework/src/Illuminate/Container/BoundMethod.php(35): Illuminate/Container/BoundMethod::callBoundMethod()
#4 C:/Users/Administrator/Web2/Atividade2/vendor/laravel/framework/src/Illuminate/Container/Container.php(799): Illuminate/Container/BoundMethod::call()
#5 C:/Users/Administrator/Web2/Atividade2/vendor/laravel/framework/src/Illuminate/Database/Seeder.php(184): Illuminate/Container/Container->call()
#6 C:/Users/Administrator/Web2/Atividade2/vendor/laravel/framework/src/Illuminate/Database/Eloquent/Concerns/HasEvents.php(454): Illuminate/Database/Seeder->{closure:Illuminate/Database/Seeder::__invoke():183}()
#7 C:/Users/Administrator/Web2/Atividade2/vendor/laravel/framework/src/Illuminate/Database/Console/Seeds/WithoutModelEvents.php(17): Illuminate/Database/Eloquent/Model::withoutEvents()
#8 C:/Users/Administrator/Web2/Atividade2/vendor/laravel/framework/src/Illuminate/Database/Seeder.php(193): Database/Seeders/DatabaseSeeder->{closure:Illuminate/Database/Console/Seeds/WithoutModelEvents::withoutModelEvents():17}()
#9 C:/Users/Administrator/Web2/Atividade2/vendor/laravel/framework/src/Illuminate/Database/Console/Seeds/SeedCommand.php(71): Illuminate/Database/Seeder->__invoke()
#10 C:/Users/Administrator/Web2/Atividade2/vendor/laravel/framework/src/Illuminate/Database/Eloquent/Concerns/GuardsAttributes.php(183): Illuminate/Database/Console/Seeds/SeedCommand->{closure:Illuminate/Database/Console/Seeds/SeedCommand::handle():70}()
#11 C:/Users/Administrator/Web2/Atividade2/vendor/laravel/framework/src/Illuminate/Database/Console/Seeds/SeedCommand.php(70): Illuminate/Database/Eloquent/Model::unguarded()
#12 C:/Users/Administrator/Web2/Atividade2/vendor/laravel/framework/src/Illuminate/Container/BoundMethod.php(36): Illuminate/Database/Console/Seeds/SeedCommand->handle()
#13 C:/Users/Administrator/Web2/Atividade2/vendor/laravel/framework/src/Illuminate/Container/Util.php(43): Illuminate/Container/BoundMethod::{closure:Illuminate/Container/BoundMethod::call():35}()
#14 C:/Users/Administrator/Web2/Atividade2/vendor/laravel/framework/src/Illuminate/Container/BoundMethod.php(96): Illuminate/Container/Util::unwrapIfClosure()
#15 C:/Users/Administrator/Web2/Atividade2/vendor/laravel/framework/src/Illuminate/Container/BoundMethod.php(35): Illuminate/Container/BoundMethod::callBoundMethod()
#16 C:/Users/Administrator/Web2/Atividade2/vendor/laravel/framework/src/Illuminate/Container/Container.php(799): Illuminate/Container/BoundMethod::call()
#17 C:/Users/Administrator/Web2/Atividade2/vendor/laravel/framework/src/Illuminate/Console/Command.php(273): Illuminate/Container/Container->call()
#18 C:/Users/Administrator/Web2/Atividade2/vendor/symfony/console/Command/Command.php(291): Illuminate/Console/Command->execute()
#19 C:/Users/Administrator/Web2/Atividade2/vendor/laravel/framework/src/Illuminate/Console/Command.php(242): Symfony/Component/Console/Command/Command->run()
#20 C:/Users/Administrator/Web2/Atividade2/vendor/symfony/console/Application.php(1107): Illuminate/Console/Command->run()
#21 C:/Users/Administrator/Web2/Atividade2/vendor/symfony/console/Application.php(356): Symfony/Component/Console/Application->doRunCommand()
#22 C:/Users/Administrator/Web2/Atividade2/vendor/symfony/console/Application.php(195): Symfony/Component/Console/Application->doRun()
#23 C:/Users/Administrator/Web2/Atividade2/vendor/laravel/framework/src/Illuminate/Foundation/Console/Kernel.php(198): Symfony/Component/Console/Application->run()
#24 C:/Users/Administrator/Web2/Atividade2/vendor/laravel/framework/src/Illuminate/Foundation/Application.php(1235): Illuminate/Foundation/Console/Kernel->handle()
#25 C:/Users/Administrator/Web2/Atividade2/artisan(16): Illuminate/Foundation/Application->handleCommand()
#26 {main}
"} 
[2026-04-23 18:18:31] local.ERROR: SQLSTATE[23000]: Integrity constraint violation: 19 UNIQUE constraint failed: users.email (Connection: sqlite, Database: C:\Users\Administrator\Web2\Atividade2\database\database.sqlite, SQL: insert into "users" ("name", "email", "email_verified_at", "password", "remember_token", "updated_at", "created_at") values (Test User, test@example.com, 2026-04-23 18:18:31, $2y$12$aBt4P/6.OoBU4vBCweWlYefmfRcIz5mE9QFh4qTDI1K7xt2EHtL7a, EpFT3TpTXp, 2026-04-23 18:18:31, 2026-04-23 18:18:31)) {"exception":"[object] (Illuminate\\Database\\UniqueConstraintViolationException(code: 23000): SQLSTATE[23000]: Integrity constraint violation: 19 UNIQUE constraint failed: users.email (Connection: sqlite, Database: C:\\Users\\Administrator\\Web2\\Atividade2\\database\\database.sqlite, SQL: insert into \"users\" (\"name\", \"email\", \"email_verified_at\", \"password\", \"remember_token\", \"updated_at\", \"created_at\") values (Test User, test@example.com, 2026-04-23 18:18:31, $2y$12$aBt4P/6.OoBU4vBCweWlYefmfRcIz5mE9QFh4qTDI1K7xt2EHtL7a, EpFT3TpTXp, 2026-04-23 18:18:31, 2026-04-23 18:18:31)) at C:/Users/Administrator/Web2/Atividade2/vendor/laravel/framework/src/Illuminate/Database/Connection.php:841)
[stacktrace]
#0 C:/Users/Administrator/Web2/Atividade2/vendor/laravel/framework/src/Illuminate/Database/Connection.php(797): Illuminate/Database/Connection->runQueryCallback()
#1 C:/Users/Administrator/Web2/Atividade2/vendor/laravel/framework/src/Illuminate/Database/Connection.php(576): Illuminate/Database/Connection->run()
#2 C:/Users/Administrator/Web2/Atividade2/vendor/laravel/framework/src/Illuminate/Database/Connection.php(540): Illuminate/Database/Connection->statement()
#3 C:/Users/Administrator/Web2/Atividade2/vendor/laravel/framework/src/Illuminate/Database/Query/Processors/Processor.php(32): Illuminate/Database/Connection->insert()
#4 C:/Users/Administrator/Web2/Atividade2/vendor/laravel/framework/src/Illuminate/Database/Query/Builder.php(4246): Illuminate/Database/Query/Processors/Processor->processInsertGetId()
#5 C:/Users/Administrator/Web2/Atividade2/vendor/laravel/framework/src/Illuminate/Database/Eloquent/Builder.php(2242): Illuminate/Database/Query/Builder->insertGetId()
#6 C:/Users/Administrator/Web2/Atividade2/vendor/laravel/framework/src/Illuminate/Database/Eloquent/Model.php(1577): Illuminate/Database/Eloquent/Builder->__call()
#7 C:/Users/Administrator/Web2/Atividade2/vendor/laravel/framework/src/Illuminate/Database/Eloquent/Model.php(1493): Illuminate/Database/Eloquent/Model->insertAndSetId()
#8 C:/Users/Administrator/Web2/Atividade2/vendor/laravel/framework/src/Illuminate/Database/Eloquent/Model.php(1297): Illuminate/Database/Eloquent/Model->performInsert()
#9 C:/Users/Administrator/Web2/Atividade2/vendor/laravel/framework/src/Illuminate/Database/Eloquent/Factories/Factory.php(379): Illuminate/Database/Eloquent/Model->save()
#10 C:/Users/Administrator/Web2/Atividade2/vendor/laravel/framework/src/Illuminate/Collections/Traits/EnumeratesValues.php(275): Illuminate/Database/Eloquent/Factories/Factory->{closure:Illuminate/Database/Eloquent/Factories/Factory::store():374}()
#11 C:/Users/Administrator/Web2/Atividade2/vendor/laravel/framework/src/Illuminate/Database/Eloquent/Factories/Factory.php(374): Illuminate/Support/Collection->each()
#12 C:/Users/Administrator/Web2/Atividade2/vendor/laravel/framework/src/Illuminate/Database/Eloquent/Factories/Factory.php(330): Illuminate/Database/Eloquent/Factories/Factory->store()
#13 C:/Users/Administrator/Web2/Atividade2/vendor/laravel/framework/src/Illuminate/Database/Eloquent/Factories/Factory.php(324): Illuminate/Database/Eloquent/Factories/Factory->create()
#14 C:/Users/Administrator/Web2/Atividade2/database/seeders/DatabaseSeeder.php(17): Illuminate/Database/Eloquent/Factories/Factory->create()
#15 C:/Users/Administrator/Web2/Atividade2/vendor/laravel/framework/src/Illuminate/Container/BoundMethod.php(36): Database/Seeders/DatabaseSeeder->run()
#16 C:/Users/Administrator/Web2/Atividade2/vendor/laravel/framework/src/Illuminate/Container/Util.php(43): Illuminate/Container/BoundMethod::{closure:Illuminate/Container/BoundMethod::call():35}()
#17 C:/Users/Administrator/Web2/Atividade2/vendor/laravel/framework/src/Illuminate/Container/BoundMethod.php(96): Illuminate/Container/Util::unwrapIfClosure()
#18 C:/Users/Administrator/Web2/Atividade2/vendor/laravel/framework/src/Illuminate/Container/BoundMethod.php(35): Illuminate/Container/BoundMethod::callBoundMethod()
#19 C:/Users/Administrator/Web2/Atividade2/vendor/laravel/framework/src/Illuminate/Container/Container.php(799): Illuminate/Container/BoundMethod::call()
#20 C:/Users/Administrator/Web2/Atividade2/vendor/laravel/framework/src/Illuminate/Database/Seeder.php(184): Illuminate/Container/Container->call()
#21 C:/Users/Administrator/Web2/Atividade2/vendor/laravel/framework/src/Illuminate/Database/Eloquent/Concerns/HasEvents.php(454): Illuminate/Database/Seeder->{closure:Illuminate/Database/Seeder::__invoke():183}()
#22 C:/Users/Administrator/Web2/Atividade2/vendor/laravel/framework/src/Illuminate/Database/Console/Seeds/WithoutModelEvents.php(17): Illuminate/Database/Eloquent/Model::withoutEvents()
#23 C:/Users/Administrator/Web2/Atividade2/vendor/laravel/framework/src/Illuminate/Database/Seeder.php(193): Database/Seeders/DatabaseSeeder->{closure:Illuminate/Database/Console/Seeds/WithoutModelEvents::withoutModelEvents():17}()
#24 C:/Users/Administrator/Web2/Atividade2/vendor/laravel/framework/src/Illuminate/Database/Console/Seeds/SeedCommand.php(71): Illuminate/Database/Seeder->__invoke()
#25 C:/Users/Administrator/Web2/Atividade2/vendor/laravel/framework/src/Illuminate/Database/Eloquent/Concerns/GuardsAttributes.php(183): Illuminate/Database/Console/Seeds/SeedCommand->{closure:Illuminate/Database/Console/Seeds/SeedCommand::handle():70}()
#26 C:/Users/Administrator/Web2/Atividade2/vendor/laravel/framework/src/Illuminate/Database/Console/Seeds/SeedCommand.php(70): Illuminate/Database/Eloquent/Model::unguarded()
#27 C:/Users/Administrator/Web2/Atividade2/vendor/laravel/framework/src/Illuminate/Container/BoundMethod.php(36): Illuminate/Database/Console/Seeds/SeedCommand->handle()
#28 C:/Users/Administrator/Web2/Atividade2/vendor/laravel/framework/src/Illuminate/Container/Util.php(43): Illuminate/Container/BoundMethod::{closure:Illuminate/Container/BoundMethod::call():35}()
#29 C:/Users/Administrator/Web2/Atividade2/vendor/laravel/framework/src/Illuminate/Container/BoundMethod.php(96): Illuminate/Container/Util::unwrapIfClosure()
#30 C:/Users/Administrator/Web2/Atividade2/vendor/laravel/framework/src/Illuminate/Container/BoundMethod.php(35): Illuminate/Container/BoundMethod::callBoundMethod()
#31 C:/Users/Administrator/Web2/Atividade2/vendor/laravel/framework/src/Illuminate/Container/Container.php(799): Illuminate/Container/BoundMethod::call()
#32 C:/Users/Administrator/Web2/Atividade2/vendor/laravel/framework/src/Illuminate/Console/Command.php(273): Illuminate/Container/Container->call()
#33 C:/Users/Administrator/Web2/Atividade2/vendor/symfony/console/Command/Command.php(291): Illuminate/Console/Command->execute()
#34 C:/Users/Administrator/Web2/Atividade2/vendor/laravel/framework/src/Illuminate/Console/Command.php(242): Symfony/Component/Console/Command/Command->run()
#35 C:/Users/Administrator/Web2/Atividade2/vendor/symfony/console/Application.php(1107): Illuminate/Console/Command->run()
#36 C:/Users/Administrator/Web2/Atividade2/vendor/symfony/console/Application.php(356): Symfony/Component/Console/Application->doRunCommand()
#37 C:/Users/Administrator/Web2/Atividade2/vendor/symfony/console/Application.php(195): Symfony/Component/Console/Application->doRun()
#38 C:/Users/Administrator/Web2/Atividade2/vendor/laravel/framework/src/Illuminate/Foundation/Console/Kernel.php(198): Symfony/Component/Console/Application->run()
#39 C:/Users/Administrator/Web2/Atividade2/vendor/laravel/framework/src/Illuminate/Foundation/Application.php(1235): Illuminate/Foundation/Console/Kernel->handle()
#40 C:/Users/Administrator/Web2/Atividade2/artisan(16): Illuminate/Foundation/Application->handleCommand()
#41 {main}

[previous exception] [object] (PDOException(code: 23000): SQLSTATE[23000]: Integrity constraint violation: 19 UNIQUE constraint failed: users.email at C:/Users/Administrator/Web2/Atividade2/vendor/laravel/framework/src/Illuminate/Database/Connection.php:587)
[stacktrace]
#0 C:/Users/Administrator/Web2/Atividade2/vendor/laravel/framework/src/Illuminate/Database/Connection.php(587): PDOStatement->execute()
#1 C:/Users/Administrator/Web2/Atividade2/vendor/laravel/framework/src/Illuminate/Database/Connection.php(830): Illuminate/Database/Connection->{closure:Illuminate/Database/Connection::statement():576}()
#2 C:/Users/Administrator/Web2/Atividade2/vendor/laravel/framework/src/Illuminate/Database/Connection.php(797): Illuminate/Database/Connection->runQueryCallback()
#3 C:/Users/Administrator/Web2/Atividade2/vendor/laravel/framework/src/Illuminate/Database/Connection.php(576): Illuminate/Database/Connection->run()
#4 C:/Users/Administrator/Web2/Atividade2/vendor/laravel/framework/src/Illuminate/Database/Connection.php(540): Illuminate/Database/Connection->statement()
#5 C:/Users/Administrator/Web2/Atividade2/vendor/laravel/framework/src/Illuminate/Database/Query/Processors/Processor.php(32): Illuminate/Database/Connection->insert()
#6 C:/Users/Administrator/Web2/Atividade2/vendor/laravel/framework/src/Illuminate/Database/Query/Builder.php(4246): Illuminate/Database/Query/Processors/Processor->processInsertGetId()
#7 C:/Users/Administrator/Web2/Atividade2/vendor/laravel/framework/src/Illuminate/Database/Eloquent/Builder.php(2242): Illuminate/Database/Query/Builder->insertGetId()
#8 C:/Users/Administrator/Web2/Atividade2/vendor/laravel/framework/src/Illuminate/Database/Eloquent/Model.php(1577): Illuminate/Database/Eloquent/Builder->__call()
#9 C:/Users/Administrator/Web2/Atividade2/vendor/laravel/framework/src/Illuminate/Database/Eloquent/Model.php(1493): Illuminate/Database/Eloquent/Model->insertAndSetId()
#10 C:/Users/Administrator/Web2/Atividade2/vendor/laravel/framework/src/Illuminate/Database/Eloquent/Model.php(1297): Illuminate/Database/Eloquent/Model->performInsert()
#11 C:/Users/Administrator/Web2/Atividade2/vendor/laravel/framework/src/Illuminate/Database/Eloquent/Factories/Factory.php(379): Illuminate/Database/Eloquent/Model->save()
#12 C:/Users/Administrator/Web2/Atividade2/vendor/laravel/framework/src/Illuminate/Collections/Traits/EnumeratesValues.php(275): Illuminate/Database/Eloquent/Factories/Factory->{closure:Illuminate/Database/Eloquent/Factories/Factory::store():374}()
#13 C:/Users/Administrator/Web2/Atividade2/vendor/laravel/framework/src/Illuminate/Database/Eloquent/Factories/Factory.php(374): Illuminate/Support/Collection->each()
#14 C:/Users/Administrator/Web2/Atividade2/vendor/laravel/framework/src/Illuminate/Database/Eloquent/Factories/Factory.php(330): Illuminate/Database/Eloquent/Factories/Factory->store()
#15 C:/Users/Administrator/Web2/Atividade2/vendor/laravel/framework/src/Illuminate/Database/Eloquent/Factories/Factory.php(324): Illuminate/Database/Eloquent/Factories/Factory->create()
#16 C:/Users/Administrator/Web2/Atividade2/database/seeders/DatabaseSeeder.php(17): Illuminate/Database/Eloquent/Factories/Factory->create()
#17 C:/Users/Administrator/Web2/Atividade2/vendor/laravel/framework/src/Illuminate/Container/BoundMethod.php(36): Database/Seeders/DatabaseSeeder->run()
#18 C:/Users/Administrator/Web2/Atividade2/vendor/laravel/framework/src/Illuminate/Container/Util.php(43): Illuminate/Container/BoundMethod::{closure:Illuminate/Container/BoundMethod::call():35}()
#19 C:/Users/Administrator/Web2/Atividade2/vendor/laravel/framework/src/Illuminate/Container/BoundMethod.php(96): Illuminate/Container/Util::unwrapIfClosure()
#20 C:/Users/Administrator/Web2/Atividade2/vendor/laravel/framework/src/Illuminate/Container/BoundMethod.php(35): Illuminate/Container/BoundMethod::callBoundMethod()
#21 C:/Users/Administrator/Web2/Atividade2/vendor/laravel/framework/src/Illuminate/Container/Container.php(799): Illuminate/Container/BoundMethod::call()
#22 C:/Users/Administrator/Web2/Atividade2/vendor/laravel/framework/src/Illuminate/Database/Seeder.php(184): Illuminate/Container/Container->call()
#23 C:/Users/Administrator/Web2/Atividade2/vendor/laravel/framework/src/Illuminate/Database/Eloquent/Concerns/HasEvents.php(454): Illuminate/Database/Seeder->{closure:Illuminate/Database/Seeder::__invoke():183}()
#24 C:/Users/Administrator/Web2/Atividade2/vendor/laravel/framework/src/Illuminate/Database/Console/Seeds/WithoutModelEvents.php(17): Illuminate/Database/Eloquent/Model::withoutEvents()
#25 C:/Users/Administrator/Web2/Atividade2/vendor/laravel/framework/src/Illuminate/Database/Seeder.php(193): Database/Seeders/DatabaseSeeder->{closure:Illuminate/Database/Console/Seeds/WithoutModelEvents::withoutModelEvents():17}()
#26 C:/Users/Administrator/Web2/Atividade2/vendor/laravel/framework/src/Illuminate/Database/Console/Seeds/SeedCommand.php(71): Illuminate/Database/Seeder->__invoke()
#27 C:/Users/Administrator/Web2/Atividade2/vendor/laravel/framework/src/Illuminate/Database/Eloquent/Concerns/GuardsAttributes.php(183): Illuminate/Database/Console/Seeds/SeedCommand->{closure:Illuminate/Database/Console/Seeds/SeedCommand::handle():70}()
#28 C:/Users/Administrator/Web2/Atividade2/vendor/laravel/framework/src/Illuminate/Database/Console/Seeds/SeedCommand.php(70): Illuminate/Database/Eloquent/Model::unguarded()
#29 C:/Users/Administrator/Web2/Atividade2/vendor/laravel/framework/src/Illuminate/Container/BoundMethod.php(36): Illuminate/Database/Console/Seeds/SeedCommand->handle()
#30 C:/Users/Administrator/Web2/Atividade2/vendor/laravel/framework/src/Illuminate/Container/Util.php(43): Illuminate/Container/BoundMethod::{closure:Illuminate/Container/BoundMethod::call():35}()
#31 C:/Users/Administrator/Web2/Atividade2/vendor/laravel/framework/src/Illuminate/Container/BoundMethod.php(96): Illuminate/Container/Util::unwrapIfClosure()
#32 C:/Users/Administrator/Web2/Atividade2/vendor/laravel/framework/src/Illuminate/Container/BoundMethod.php(35): Illuminate/Container/BoundMethod::callBoundMethod()
#33 C:/Users/Administrator/Web2/Atividade2/vendor/laravel/framework/src/Illuminate/Container/Container.php(799): Illuminate/Container/BoundMethod::call()
#34 C:/Users/Administrator/Web2/Atividade2/vendor/laravel/framework/src/Illuminate/Console/Command.php(273): Illuminate/Container/Container->call()
#35 C:/Users/Administrator/Web2/Atividade2/vendor/symfony/console/Command/Command.php(291): Illuminate/Console/Command->execute()
#36 C:/Users/Administrator/Web2/Atividade2/vendor/laravel/framework/src/Illuminate/Console/Command.php(242): Symfony/Component/Console/Command/Command->run()
#37 C:/Users/Administrator/Web2/Atividade2/vendor/symfony/console/Application.php(1107): Illuminate/Console/Command->run()
#38 C:/Users/Administrator/Web2/Atividade2/vendor/symfony/console/Application.php(356): Symfony/Component/Console/Application->doRunCommand()
#39 C:/Users/Administrator/Web2/Atividade2/vendor/symfony/console/Application.php(195): Symfony/Component/Console/Application->doRun()
#40 C:/Users/Administrator/Web2/Atividade2/vendor/laravel/framework/src/Illuminate/Foundation/Console/Kernel.php(198): Symfony/Component/Console/Application->run()
#41 C:/Users/Administrator/Web2/Atividade2/vendor/laravel/framework/src/Illuminate/Foundation/Application.php(1235): Illuminate/Foundation/Console/Kernel->handle()
#42 C:/Users/Administrator/Web2/Atividade2/artisan(16): Illuminate/Foundation/Application->handleCommand()
#43 {main}
"} 
[2026-04-23 18:18:59] local.ERROR: Undefined constant "App\Models\this" {"exception":"[object] (Error(code: 0): Undefined constant \"App\\Models\\this\" at C:/Users/Administrator/Web2/Atividade2/app/Models/Author.php:16)
[stacktrace]
#0 C:/Users/Administrator/Web2/Atividade2/database/seeders/AuthorPublisherBookSeeder.php(20): App/Models/Author->books()
#1 C:/Users/Administrator/Web2/Atividade2/vendor/laravel/framework/src/Illuminate/Collections/Traits/EnumeratesValues.php(275): Database/Seeders/AuthorPublisherBookSeeder->{closure:Database/Seeders/AuthorPublisherBookSeeder::run():16}()
#2 C:/Users/Administrator/Web2/Atividade2/database/seeders/AuthorPublisherBookSeeder.php(16): Illuminate/Support/Collection->each()
#3 C:/Users/Administrator/Web2/Atividade2/vendor/laravel/framework/src/Illuminate/Container/BoundMethod.php(36): Database/Seeders/AuthorPublisherBookSeeder->run()
#4 C:/Users/Administrator/Web2/Atividade2/vendor/laravel/framework/src/Illuminate/Container/Util.php(43): Illuminate/Container/BoundMethod::{closure:Illuminate/Container/BoundMethod::call():35}()
#5 C:/Users/Administrator/Web2/Atividade2/vendor/laravel/framework/src/Illuminate/Container/BoundMethod.php(96): Illuminate/Container/Util::unwrapIfClosure()
#6 C:/Users/Administrator/Web2/Atividade2/vendor/laravel/framework/src/Illuminate/Container/BoundMethod.php(35): Illuminate/Container/BoundMethod::callBoundMethod()
#7 C:/Users/Administrator/Web2/Atividade2/vendor/laravel/framework/src/Illuminate/Container/Container.php(799): Illuminate/Container/BoundMethod::call()
#8 C:/Users/Administrator/Web2/Atividade2/vendor/laravel/framework/src/Illuminate/Database/Seeder.php(184): Illuminate/Container/Container->call()
#9 C:/Users/Administrator/Web2/Atividade2/vendor/laravel/framework/src/Illuminate/Database/Seeder.php(193): Illuminate/Database/Seeder->{closure:Illuminate/Database/Seeder::__invoke():183}()
#10 C:/Users/Administrator/Web2/Atividade2/vendor/laravel/framework/src/Illuminate/Database/Seeder.php(59): Illuminate/Database/Seeder->__invoke()
#11 C:/Users/Administrator/Web2/Atividade2/database/seeders/DatabaseSeeder.php(23): Illuminate/Database/Seeder->call()
#12 C:/Users/Administrator/Web2/Atividade2/vendor/laravel/framework/src/Illuminate/Container/BoundMethod.php(36): Database/Seeders/DatabaseSeeder->run()
#13 C:/Users/Administrator/Web2/Atividade2/vendor/laravel/framework/src/Illuminate/Container/Util.php(43): Illuminate/Container/BoundMethod::{closure:Illuminate/Container/BoundMethod::call():35}()
#14 C:/Users/Administrator/Web2/Atividade2/vendor/laravel/framework/src/Illuminate/Container/BoundMethod.php(96): Illuminate/Container/Util::unwrapIfClosure()
#15 C:/Users/Administrator/Web2/Atividade2/vendor/laravel/framework/src/Illuminate/Container/BoundMethod.php(35): Illuminate/Container/BoundMethod::callBoundMethod()
#16 C:/Users/Administrator/Web2/Atividade2/vendor/laravel/framework/src/Illuminate/Container/Container.php(799): Illuminate/Container/BoundMethod::call()
#17 C:/Users/Administrator/Web2/Atividade2/vendor/laravel/framework/src/Illuminate/Database/Seeder.php(184): Illuminate/Container/Container->call()
#18 C:/Users/Administrator/Web2/Atividade2/vendor/laravel/framework/src/Illuminate/Database/Eloquent/Concerns/HasEvents.php(454): Illuminate/Database/Seeder->{closure:Illuminate/Database/Seeder::__invoke():183}()
#19 C:/Users/Administrator/Web2/Atividade2/vendor/laravel/framework/src/Illuminate/Database/Console/Seeds/WithoutModelEvents.php(17): Illuminate/Database/Eloquent/Model::withoutEvents()
#20 C:/Users/Administrator/Web2/Atividade2/vendor/laravel/framework/src/Illuminate/Database/Seeder.php(193): Database/Seeders/DatabaseSeeder->{closure:Illuminate/Database/Console/Seeds/WithoutModelEvents::withoutModelEvents():17}()
#21 C:/Users/Administrator/Web2/Atividade2/vendor/laravel/framework/src/Illuminate/Database/Console/Seeds/SeedCommand.php(71): Illuminate/Database/Seeder->__invoke()
#22 C:/Users/Administrator/Web2/Atividade2/vendor/laravel/framework/src/Illuminate/Database/Eloquent/Concerns/GuardsAttributes.php(183): Illuminate/Database/Console/Seeds/SeedCommand->{closure:Illuminate/Database/Console/Seeds/SeedCommand::handle():70}()
#23 C:/Users/Administrator/Web2/Atividade2/vendor/laravel/framework/src/Illuminate/Database/Console/Seeds/SeedCommand.php(70): Illuminate/Database/Eloquent/Model::unguarded()
#24 C:/Users/Administrator/Web2/Atividade2/vendor/laravel/framework/src/Illuminate/Container/BoundMethod.php(36): Illuminate/Database/Console/Seeds/SeedCommand->handle()
#25 C:/Users/Administrator/Web2/Atividade2/vendor/laravel/framework/src/Illuminate/Container/Util.php(43): Illuminate/Container/BoundMethod::{closure:Illuminate/Container/BoundMethod::call():35}()
#26 C:/Users/Administrator/Web2/Atividade2/vendor/laravel/framework/src/Illuminate/Container/BoundMethod.php(96): Illuminate/Container/Util::unwrapIfClosure()
#27 C:/Users/Administrator/Web2/Atividade2/vendor/laravel/framework/src/Illuminate/Container/BoundMethod.php(35): Illuminate/Container/BoundMethod::callBoundMethod()
#28 C:/Users/Administrator/Web2/Atividade2/vendor/laravel/framework/src/Illuminate/Container/Container.php(799): Illuminate/Container/BoundMethod::call()
#29 C:/Users/Administrator/Web2/Atividade2/vendor/laravel/framework/src/Illuminate/Console/Command.php(273): Illuminate/Container/Container->call()
#30 C:/Users/Administrator/Web2/Atividade2/vendor/symfony/console/Command/Command.php(291): Illuminate/Console/Command->execute()
#31 C:/Users/Administrator/Web2/Atividade2/vendor/laravel/framework/src/Illuminate/Console/Command.php(242): Symfony/Component/Console/Command/Command->run()
#32 C:/Users/Administrator/Web2/Atividade2/vendor/symfony/console/Application.php(1107): Illuminate/Console/Command->run()
#33 C:/Users/Administrator/Web2/Atividade2/vendor/symfony/console/Application.php(356): Symfony/Component/Console/Application->doRunCommand()
#34 C:/Users/Administrator/Web2/Atividade2/vendor/symfony/console/Application.php(195): Symfony/Component/Console/Application->doRun()
#35 C:/Users/Administrator/Web2/Atividade2/vendor/laravel/framework/src/Illuminate/Foundation/Console/Kernel.php(198): Symfony/Component/Console/Application->run()
#36 C:/Users/Administrator/Web2/Atividade2/vendor/laravel/framework/src/Illuminate/Foundation/Application.php(1235): Illuminate/Foundation/Console/Kernel->handle()
#37 C:/Users/Administrator/Web2/Atividade2/artisan(16): Illuminate/Foundation/Application->handleCommand()
#38 {main}
"} 
